<?xml version="1.0" encoding="UTF-8"?>
<testsuite name="hello.hellospring.repository.MemoryMemberRepositoryTest" tests="1" skipped="0" failures="0" errors="0" timestamp="2024-01-19T12:21:04" hostname="DESKTOP-FTJLBSQ" time="0.121">
  <properties/>
  <testcase name="findAll()" classname="hello.hellospring.repository.MemoryMemberRepositoryTest" time="0.121"/>
  <system-out><![CDATA[]]></system-out>
  <system-err><![CDATA[]]></system-err>
</testsuite>
